<?xml version="1.0" encoding="UTF-8"?>
<!-- Generated by org.testng.reporters.JUnitReportReporter -->
<testsuite hostname="360NDCLP086" name="com.app.testscripts.InputForm" tests="2" failures="0" timestamp="14 Apr 2019 19:38:07 GMT" time="13.005" errors="0">
  <testcase name="TestInputForm" time="5.532" classname="com.app.testscripts.InputForm"/>
  <testcase name="TestInputForm" time="7.473" classname="com.app.testscripts.InputForm"/>
</testsuite> <!-- com.app.testscripts.InputForm -->
